[35m[Appium][39m Welcome to Appium v1.8.1
[35m[Appium][39m Non-default server args:
[35m[Appium][39m   port: 60895
[35m[Appium][39m   loglevel: info
[35m[Appium][39m   chromeDriverPort: 60897
[35m[Appium][39m   tmpDir: C:\Users\vbrooks\AppData\Local\Temp\\Katalon\Appium\Temp1537391336994
[35m[Appium][39m Appium REST http interface listener started on 0.0.0.0:60895
[35m[HTTP][39m [37m-->[39m [37mGET[39m [37m/wd/hub/status[39m
[35m[HTTP][39m [90m{}[39m
[35m[HTTP][39m [37m<-- GET /wd/hub/status [39m[32m200[39m [90m31 ms - 83[39m
[35m[HTTP][39m [90m[39m
[35m[HTTP][39m [37m-->[39m [37mGET[39m [37m/wd/hub/status[39m
[35m[HTTP][39m [90m{}[39m
[35m[HTTP][39m [37m<-- GET /wd/hub/status [39m[32m200[39m [90m22 ms - 83[39m
[35m[HTTP][39m [90m[39m
[35m[HTTP][39m [37m-->[39m [37mPOST[39m [37m/wd/hub/session[39m
[35m[HTTP][39m [90m{"desiredCapabilities":{"app":"C:\\Users\\vbrooks\\Downloads\\Birchbox_2.10.1.apk","autoGrantPermissions":true,"deviceName":"samsung SM-G925V (Android 6.0.1)","fullReset":false,"newCommandTimeout":1800,"noReset":true,"platform":"ANDROID","platformName":"Android","udid":"02157df2a89e091c"},"capabilities":{"desiredCapabilities":{"app":"C:\\Users\\vbrooks\\Downloads\\Birchbox_2.10.1.apk","autoGrantPermissions":true,"deviceName":"samsung SM-G925V (Android 6.0.1)","fullReset":false,"newCommandTimeout":1800,"noReset":true,"platform":"ANDROID","platformName":"Android","udid":"02157df2a89e091c"},"firstMatch":[{"platformName":"android"}]}}[39m
[35m[Appium][39m Could not parse W3C capabilities: 'deviceName' can't be blank. Falling back to JSONWP protocol.
[35m[Appium][39m The following capabilities were provided in the JSONWP desired capabilities that are missing in W3C capabilities: ["app","autoGrantPermissions","deviceName","fullReset","newCommandTimeout","noReset","platform","platformName","udid"]. Falling back to JSONWP protocol.
[35m[Appium][39m Creating new AndroidDriver (v2.7.0) session
[35m[Appium][39m Capabilities:
[35m[Appium][39m   app: C:\Users\vbrooks\Downloads\Birchbox_2.10.1.apk
[35m[Appium][39m   autoGrantPermissions: true
[35m[Appium][39m   deviceName: samsung SM-G925V (Android 6.0.1)
[35m[Appium][39m   fullReset: false
[35m[Appium][39m   newCommandTimeout: 1800
[35m[Appium][39m   noReset: true
[35m[Appium][39m   platform: ANDROID
[35m[Appium][39m   platformName: Android
[35m[Appium][39m   udid: 02157df2a89e091c
[35m[BaseDriver][39m The following capabilities were provided, but are not recognized by appium: platform.
[35m[BaseDriver][39m Session created with session id: 677a9ab9-10d3-41eb-8386-afef4108e13e
[35m[AndroidDriver][39m Java version is: 1.8.0_181
[35m[ADB][39m Checking whether adb is present
[35m[ADB][39m Found 1 'build-tools' folders under 'C:\Users\vbrooks\.katalon\tools\android_sdk' (newest first):
[35m[ADB][39m     C:/Users/vbrooks/.katalon/tools/android_sdk/build-tools/28.0.1
[35m[ADB][39m Using adb.exe from C:\Users\vbrooks\.katalon\tools\android_sdk\platform-tools\adb.exe
[35m[AndroidDriver][39m Retrieving device list
[35m[AndroidDriver][39m Using device: 02157df2a89e091c
[35m[BaseDriver][39m Using local app 'C:\Users\vbrooks\Downloads\Birchbox_2.10.1.apk'
[35m[AndroidDriver][39m Starting Android session
[35m[ADB][39m Checking whether aapt is present
[35m[ADB][39m Using aapt.exe from C:\Users\vbrooks\.katalon\tools\android_sdk\build-tools\28.0.1\aapt.exe
[35m[AndroidDriver][39m setDeviceLanguageCountry requires language or country.
[35m[AndroidDriver][39m Got language: 'null' and country: 'null'
[35m[ADB][39m Getting device platform version
[35m[ADB][39m Using the alternative activity name detection method because of: Could not find apkanalyzer.bat in C:\Users\vbrooks\.katalon\tools\android_sdk\platform-tools\apkanalyzer.bat,C:\Users\vbrooks\.katalon\tools\android_sdk\emulator\apkanalyzer.bat,C:\Users\vbrooks\.katalon\tools\android_sdk\tools\apkanalyzer.bat,C:\Users\vbrooks\.katalon\tools\android_sdk\tools\bin\apkanalyzer.bat,C:\Users\vbrooks\.katalon\tools\android_sdk\build-tools\28.0.1\apkanalyzer.bat. Do you have the Android SDK installed at 'C:\Users\vbrooks\.katalon\tools\android_sdk'?
[35m[ADB][39m Extracting package and launch activity from manifest
[35m[ADB][39m Package name: 'com.birchbox.birchbox'
[35m[ADB][39m Main activity name: 'com.birchbox.birchbox.activities.NavigationActivity'
[35m[ADB][39m Successfully extracted 1498 strings from 'C:\Users\vbrooks\Downloads\Birchbox_2.10.1.apk' resources for '(default)' configuration
[35m[ADB][39m Cannot kill process 16696 in 1000 ms. Trying to force kill...
[35m[AndroidBootstrap][39m Android bootstrap socket is now connected
[35m[AndroidDriver][39m Screen already unlocked, doing nothing
[35m[Appium][39m New AndroidDriver session created successfully, session 677a9ab9-10d3-41eb-8386-afef4108e13e added to master session list
[35m[HTTP][39m [37m<-- POST /wd/hub/session [39m[32m200[39m [90m11288 ms - 1137[39m
[35m[HTTP][39m [90m[39m
[35m[HTTP][39m [37m-->[39m [37mGET[39m [37m/wd/hub/status[39m
[35m[HTTP][39m [90m{}[39m
[35m[HTTP][39m [37m<-- GET /wd/hub/status [39m[32m200[39m [90m63 ms - 55[39m
[35m[HTTP][39m [90m[39m
[35m[HTTP][39m [37m-->[39m [37mPOST[39m [37m/wd/hub/session/677a9ab9-10d3-41eb-8386-afef4108e13e/timeouts[39m
[35m[HTTP][39m [90m{"type":"implicit","ms":60000}[39m
[35m[HTTP][39m [37m<-- POST /wd/hub/session/677a9ab9-10d3-41eb-8386-afef4108e13e/timeouts [39m[33m400[39m [90m17 ms - 5372[39m
[35m[HTTP][39m [90m[39m
[35m[HTTP][39m [37m-->[39m [37mGET[39m [37m/wd/hub/session/677a9ab9-10d3-41eb-8386-afef4108e13e/source[39m
[35m[HTTP][39m [90m{}[39m
[35m[HTTP][39m [37m<-- GET /wd/hub/session/677a9ab9-10d3-41eb-8386-afef4108e13e/source [39m[32m200[39m [90m650 ms - 15324[39m
[35m[HTTP][39m [90m[39m
[35m[HTTP][39m [37m-->[39m [37mGET[39m [37m/wd/hub/session/677a9ab9-10d3-41eb-8386-afef4108e13e/screenshot[39m
[35m[HTTP][39m [90m{}[39m
[35m[HTTP][39m [37m<-- GET /wd/hub/session/677a9ab9-10d3-41eb-8386-afef4108e13e/screenshot [39m[32m200[39m [90m2024 ms - 396374[39m
[35m[HTTP][39m [90m[39m
[35m[Appium][39m Closing session, cause was 'UiAUtomator shut down unexpectedly'
[35m[Appium][39m Removing session 677a9ab9-10d3-41eb-8386-afef4108e13e from our master session list
[35m[HTTP][39m [37m-->[39m [37mDELETE[39m [37m/wd/hub/session/677a9ab9-10d3-41eb-8386-afef4108e13e[39m
[35m[HTTP][39m [90m{}[39m
